<?xml version="1.0" encoding="UTF-8" ?>
<testsuite tests="1" failures="0" name="com.tdg.core.utils.AppTest" time="0.003" errors="0" skipped="0">
  <properties>
    <property name="java.runtime.name" value="OpenJDK Runtime Environment"/>
    <property name="sun.boot.library.path" value="D:\Software\java-1.8.0-openjdk_64\jre\bin"/>
    <property name="java.vm.version" value="25.212-b04"/>
    <property name="java.vm.vendor" value=""/>
    <property name="maven.multiModuleProjectDirectory" value="D:/temp/java-demo-lib"/>
    <property name="java.vendor.url" value="http://java.oracle.com/"/>
    <property name="path.separator" value=";"/>
    <property name="guice.disable.misplaced.annotation.check" value="true"/>
    <property name="java.vm.name" value="OpenJDK 64-Bit Server VM"/>
    <property name="file.encoding.pkg" value="sun.io"/>
    <property name="user.script" value=""/>
    <property name="user.country" value="US"/>
    <property name="sun.java.launcher" value="SUN_STANDARD"/>
    <property name="sun.os.patch.level" value=""/>
    <property name="java.vm.specification.name" value="Java Virtual Machine Specification"/>
    <property name="user.dir" value="D:\temp\java-demo-lib"/>
    <property name="java.runtime.version" value="1.8.0_212-3-redhat-b04"/>
    <property name="java.awt.graphicsenv" value="sun.awt.Win32GraphicsEnvironment"/>
    <property name="java.endorsed.dirs" value="D:\Software\java-1.8.0-openjdk_64\jre\lib\endorsed"/>
    <property name="os.arch" value="amd64"/>
    <property name="java.io.tmpdir" value="C:\Users\pjame\AppData\Local\Temp\"/>
    <property name="line.separator" value="
"/>
    <property name="java.vm.specification.vendor" value="Oracle Corporation"/>
    <property name="user.variant" value=""/>
    <property name="os.name" value="Windows 10"/>
    <property name="classworlds.conf" value="D:/Software/apache-maven-3.6.1/bin/m2.conf"/>
    <property name="sun.jnu.encoding" value="Cp1252"/>
    <property name="java.library.path" value="D:\Software\java-1.8.0-openjdk_64\bin;C:\WINDOWS\Sun\Java\bin;C:\WINDOWS\system32;C:\WINDOWS;C:\Users\pjame\bin;D:\dev\software\Git\mingw64\bin;D:\dev\software\Git\usr\local\bin;D:\dev\software\Git\usr\bin;D:\dev\software\Git\usr\bin;D:\dev\software\Git\mingw64\bin;D:\dev\software\Git\usr\bin;C:\Users\pjame\bin;C:\Program Files (x86)\Common Files\Intel\Shared Libraries\redist\intel64\compiler;D:\dev\software\dotnet_core\dotnet-sdk-2.2.202-win-x64;D:\dev\software\Postgres11\bin;C:\WINDOWS\system32;C:\WINDOWS;C:\WINDOWS\System32\Wbem;C:\WINDOWS\System32\WindowsPowerShell\v1.0;C:\WINDOWS\System32\OpenSSH;C:\Program Files\Intel\WiFi\bin;C:\Program Files\Common Files\Intel\WirelessCommon;C:\Program Files\dotnet;C:\Program Files\Microsoft SQL Server\130\Tools\Binn;C:\Program Files\Microsoft SQL Server\Client SDK\ODBC\170\Tools\Binn;D:\dev\software\Git\cmd;D:\dev\software\Git\mingw64\bin;D:\dev\software\Git\usr\bin;D:\Software\Python\Scripts;D:\Software\Python;D:\Software\java-1.8.0-openjdk_64\bin;D:\Software\apache-maven-3.6.1\bin;C:\Program Files (x86)\Microsoft Visual Studio\2017\Community\MSBuild\15.0\Bin;D:\dev\software\php-7.3.3;C:\Users\pjame\AppData\Local\Microsoft\WindowsApps;D:\dev\software\Microsoft VS Code\bin;C:\Users\pjame\.dotnet\tools;D:\Software\wkhtmltopdf\bin;D:\Software\filebeat-7.3.0-windows-x86_64;C:\Program Files (x86)\mitmproxy\bin;C:\Users\pjame\AppData\Local\Microsoft\WindowsApps;D:\Software\Python;D:\dev\software\Git\usr\bin\vendor_perl;D:\dev\software\Git\usr\bin\core_perl;."/>
    <property name="maven.conf" value="D:/Software/apache-maven-3.6.1/conf"/>
    <property name="java.specification.name" value="Java Platform API Specification"/>
    <property name="java.class.version" value="52.0"/>
    <property name="sun.management.compiler" value="HotSpot 64-Bit Tiered Compilers"/>
    <property name="os.version" value="10.0"/>
    <property name="library.jansi.path" value="D:/Software/apache-maven-3.6.1/lib/jansi-native"/>
    <property name="user.home" value="C:\Users\pjame"/>
    <property name="user.timezone" value="Asia/Bangkok"/>
    <property name="java.awt.printerjob" value="sun.awt.windows.WPrinterJob"/>
    <property name="java.specification.version" value="1.8"/>
    <property name="file.encoding" value="Cp1252"/>
    <property name="user.name" value="pjame"/>
    <property name="java.class.path" value="D:/Software/apache-maven-3.6.1/boot/plexus-classworlds-2.6.0.jar"/>
    <property name="java.vm.specification.version" value="1.8"/>
    <property name="sun.arch.data.model" value="64"/>
    <property name="java.home" value="D:\Software\java-1.8.0-openjdk_64\jre"/>
    <property name="sun.java.command" value="org.codehaus.plexus.classworlds.launcher.Launcher package"/>
    <property name="java.specification.vendor" value="Oracle Corporation"/>
    <property name="user.language" value="en"/>
    <property name="awt.toolkit" value="sun.awt.windows.WToolkit"/>
    <property name="java.vm.info" value="mixed mode"/>
    <property name="java.version" value="1.8.0_212-3-redhat"/>
    <property name="java.ext.dirs" value="D:\Software\java-1.8.0-openjdk_64\jre\lib\ext;C:\WINDOWS\Sun\Java\lib\ext"/>
    <property name="sun.boot.class.path" value="D:\Software\java-1.8.0-openjdk_64\jre\lib\resources.jar;D:\Software\java-1.8.0-openjdk_64\jre\lib\rt.jar;D:\Software\java-1.8.0-openjdk_64\jre\lib\sunrsasign.jar;D:\Software\java-1.8.0-openjdk_64\jre\lib\jsse.jar;D:\Software\java-1.8.0-openjdk_64\jre\lib\jce.jar;D:\Software\java-1.8.0-openjdk_64\jre\lib\charsets.jar;D:\Software\java-1.8.0-openjdk_64\jre\lib\jfr.jar;D:\Software\java-1.8.0-openjdk_64\jre\classes"/>
    <property name="java.vendor" value="Oracle Corporation"/>
    <property name="maven.home" value="D:\Software\apache-maven-3.6.1"/>
    <property name="file.separator" value="\"/>
    <property name="java.vendor.url.bug" value="http://bugreport.sun.com/bugreport/"/>
    <property name="sun.cpu.endian" value="little"/>
    <property name="sun.io.unicode.encoding" value="UnicodeLittle"/>
    <property name="sun.desktop" value="windows"/>
    <property name="sun.cpu.isalist" value="amd64"/>
  </properties>
  <testcase classname="com.tdg.core.utils.AppTest" name="testApp" time="0.003"/>
</testsuite>